[HttpURL]http://120.132.11.35:8090/article/list/1[HttpURL]
[数据]get[数据]
[请求方式]get[请求方式]
[发送数据]{'num': '3'}[发送数据]
[返回结果]{"code": 200, "data": [{"status": 1, "img": "", "author": "小5", "title": "精选基金复盘", "publishTime": 1499136932000, "columnName": "", "intro": "6月传统资金紧张月，央行放了一些水缓解紧张情况，效果不错。让小泰帮您回顾下，精选基金在6月的市场中表现如何：", "source": "原创", "insertTime": 1499136973000, "id": "qqqqqqqqqqwwwwwwwwweee"}, {"status": 1, "columnName": "", "author": "小5", "publishTime": 1496888266000, "source": "原创", "intro": "5月的市场就是金牛座，涨的好的都跟钱相关：不是银行股就是保险股。让小泰帮您回顾下，精选基金在5月的市场中表现如何：", "insertTime": 1498204475000, "title": "精选基金复盘", "id": "abcdefghigklmnopq"}]}[返回结果]
[通过]T[通过]
[HttpURL]http://120.132.11.35:8090/cfa/personalTailor[HttpURL]
[数据]post[数据]
[请求方式]post[请求方式]
[发送数据]{'expReturn':'8'|'investTerm':'6'}[发送数据]
[返回结果]{"msg": "ok", "code": 200, "data": {"fixPrompt2": "小泰通过大数据计算从6669支基金中筛选出符合您投资预期、<span style="color: #FFA20A;">亏损概率较低</span>的前5支基金。<div>这些基金盈利概率高，市场好时收益更高，市场调整时能<span style="color: #FFA20A;">最大程度的保住本金。</span></div>", "fixPrompt1": "小泰通过大数据计算从6669支基金中选出最适合半年投资，且符合您投资预期的基金共5支，其中<span style="color: #FFA20A;">泰达宏利养老混合B</span>亏损概率最低。", "flexiblePrompt2": "<span style="color: #FFA20A;">风险小，</span>门槛低，短期见收益，<span style="color: #FFA20A;">早买早收益。</span>", "funds": [{"fundId": "000508", "drawdown24m": 0.57, "drawdown6m": 0.4, "return2year": 11.14, "name": "泰达宏利养老混合B", "riskLevel": "中等风险", "type": "混合型", "return1year": 8.39, "return3month": 4.88, "return6month": 5.99, "succRate": 100.0, "hs300Yield": 7.62, "drawdown3m": 0.32, "groupId": 0, "drawdown12m": 0.57}, {"fundId": "000507", "drawdown24m": 0.64, "drawdown6m": 0.4, "return2year": 12.52, "name": "泰达宏利养老混合A", "riskLevel": "中等风险", "type": "混合型", "return1year": 8.68, "return3month": 4.96, "return6month": 6.35, "succRate": 100.0, "hs300Yield": 7.62, "drawdown3m": 0.31, "groupId": 0, "drawdown12m": 0.64}, {"fundId": "001141", "drawdown24m": 1.28, "drawdown6m": 0.72, "return2year": 11.59, "name": "泰达创盈A", "riskLevel": "中等风险", "type": "混合型", "return1year": 8.15, "return3month": 4.24, "return6month": 6.16, "succRate": 100.0, "hs300Yield": 7.62, "drawdown3m": 0.63, "groupId": 0, "drawdown12m": 1.28}, {"fundId": "001597", "drawdown24m": 1.7, "drawdown6m": 0.76, "name": "招商丰融A", "riskLevel": "中等风险", "type": "混合型", "return1year": 11.01, "return3month": 6.27, "return6month": 9.42, "succRate": 100.0, "hs300Yield": 7.62, "drawdown3m": 0.76, "groupId": 0, "drawdown12m": 1.7}, {"fundId": "001598", "drawdown24m": 1.64, "drawdown6m": 0.69, "name": "招商丰融C", "riskLevel": "中等风险", "type": "混合型", "return1year": 9.22, "return3month": 6.22, "return6month": 9.22, "succRate": 95.9, "hs300Yield": 7.62, "drawdown3m": 0.69, "groupId": 0, "drawdown12m": 1.64}], "flexiblePrompt1": "基金直接交给专业基金经理来操盘，<span style="color: #FFA20A;">稳定且更省心。</span>"}}[返回结果]
[通过]T[通过]
[HttpURL]http://120.132.11.35:8090/article/list/1[HttpURL]
[数据]get[数据]
[请求方式]get[请求方式]
[发送数据]{'num': '3'}[发送数据]
[返回结果]{"code": 200, "data": [{"status": 1, "img": "", "author": "小5", "title": "精选基金复盘", "publishTime": 1499136932000, "columnName": "", "intro": "6月传统资金紧张月，央行放了一些水缓解紧张情况，效果不错。让小泰帮您回顾下，精选基金在6月的市场中表现如何：", "source": "原创", "insertTime": 1499136973000, "id": "qqqqqqqqqqwwwwwwwwweee"}, {"status": 1, "columnName": "", "author": "小5", "publishTime": 1496888266000, "source": "原创", "intro": "5月的市场就是金牛座，涨的好的都跟钱相关：不是银行股就是保险股。让小泰帮您回顾下，精选基金在5月的市场中表现如何：", "insertTime": 1498204475000, "title": "精选基金复盘", "id": "abcdefghigklmnopq"}]}[返回结果]
[通过]T[通过]
[HttpURL]http://120.132.11.35:8090/cfa/personalTailor[HttpURL]
[数据]post[数据]
[请求方式]post[请求方式]
[发送数据]{'expReturn':'25000'}[发送数据]
[返回结果]{"msg": "网络异常，请稍后再试", "code": 500}[返回结果]
[通过]F[通过]
[HttpURL]http://120.132.11.35:8090/article/list/1[HttpURL]
[数据]get[数据]
[请求方式]get[请求方式]
[发送数据]{'num': '3'}[发送数据]
[返回结果]{"code": 200, "data": [{"status": 1, "img": "", "author": "小5", "title": "精选基金复盘", "publishTime": 1499136932000, "columnName": "", "intro": "6月传统资金紧张月，央行放了一些水缓解紧张情况，效果不错。让小泰帮您回顾下，精选基金在6月的市场中表现如何：", "source": "原创", "insertTime": 1499136973000, "id": "qqqqqqqqqqwwwwwwwwweee"}, {"status": 1, "columnName": "", "author": "小5", "publishTime": 1496888266000, "source": "原创", "intro": "5月的市场就是金牛座，涨的好的都跟钱相关：不是银行股就是保险股。让小泰帮您回顾下，精选基金在5月的市场中表现如何：", "insertTime": 1498204475000, "title": "精选基金复盘", "id": "abcdefghigklmnopq"}]}[返回结果]
[通过]T[通过]
[HttpURL]http://120.132.11.35:8090/cfa/personalTailor[HttpURL]
[数据]post[数据]
[请求方式]post[请求方式]
[发送数据]{'expReturn':'8'|'investTerm':'6'}[发送数据]
[返回结果]{"msg": "ok", "code": 200, "data": {"fixPrompt2": "小泰通过大数据计算从6669支基金中筛选出符合您投资预期、<span style="color: #FFA20A;">亏损概率较低</span>的前5支基金。<div>这些基金盈利概率高，市场好时收益更高，市场调整时能<span style="color: #FFA20A;">最大程度的保住本金。</span></div>", "fixPrompt1": "小泰通过大数据计算从6669支基金中选出最适合半年投资，且符合您投资预期的基金共5支，其中<span style="color: #FFA20A;">泰达宏利养老混合B</span>亏损概率最低。", "flexiblePrompt2": "<span style="color: #FFA20A;">风险小，</span>门槛低，短期见收益，<span style="color: #FFA20A;">早买早收益。</span>", "funds": [{"fundId": "000508", "drawdown24m": 0.57, "drawdown6m": 0.4, "return2year": 11.14, "name": "泰达宏利养老混合B", "riskLevel": "中等风险", "type": "混合型", "return1year": 8.39, "return3month": 4.88, "return6month": 5.99, "succRate": 100.0, "hs300Yield": 7.62, "drawdown3m": 0.32, "groupId": 0, "drawdown12m": 0.57}, {"fundId": "000507", "drawdown24m": 0.64, "drawdown6m": 0.4, "return2year": 12.52, "name": "泰达宏利养老混合A", "riskLevel": "中等风险", "type": "混合型", "return1year": 8.68, "return3month": 4.96, "return6month": 6.35, "succRate": 100.0, "hs300Yield": 7.62, "drawdown3m": 0.31, "groupId": 0, "drawdown12m": 0.64}, {"fundId": "001141", "drawdown24m": 1.28, "drawdown6m": 0.72, "return2year": 11.59, "name": "泰达创盈A", "riskLevel": "中等风险", "type": "混合型", "return1year": 8.15, "return3month": 4.24, "return6month": 6.16, "succRate": 100.0, "hs300Yield": 7.62, "drawdown3m": 0.63, "groupId": 0, "drawdown12m": 1.28}, {"fundId": "001597", "drawdown24m": 1.7, "drawdown6m": 0.76, "name": "招商丰融A", "riskLevel": "中等风险", "type": "混合型", "return1year": 11.01, "return3month": 6.27, "return6month": 9.42, "succRate": 100.0, "hs300Yield": 7.62, "drawdown3m": 0.76, "groupId": 0, "drawdown12m": 1.7}, {"fundId": "001598", "drawdown24m": 1.64, "drawdown6m": 0.69, "name": "招商丰融C", "riskLevel": "中等风险", "type": "混合型", "return1year": 9.22, "return3month": 6.22, "return6month": 9.22, "succRate": 95.9, "hs300Yield": 7.62, "drawdown3m": 0.69, "groupId": 0, "drawdown12m": 1.64}], "flexiblePrompt1": "基金直接交给专业基金经理来操盘，<span style="color: #FFA20A;">稳定且更省心。</span>"}}[返回结果]
[通过]T[通过]
[HttpURL]http://120.132.11.35:8090/article/list/1[HttpURL]
[数据]get[数据]
[请求方式]get[请求方式]
[发送数据]{'num': '3'}[发送数据]
[返回结果]{"code": 200, "data": [{"status": 1, "img": "", "author": "小5", "title": "精选基金复盘", "publishTime": 1499136932000, "columnName": "", "intro": "6月传统资金紧张月，央行放了一些水缓解紧张情况，效果不错。让小泰帮您回顾下，精选基金在6月的市场中表现如何：", "source": "原创", "insertTime": 1499136973000, "id": "qqqqqqqqqqwwwwwwwwweee"}, {"status": 1, "columnName": "", "author": "小5", "publishTime": 1496888266000, "source": "原创", "intro": "5月的市场就是金牛座，涨的好的都跟钱相关：不是银行股就是保险股。让小泰帮您回顾下，精选基金在5月的市场中表现如何：", "insertTime": 1498204475000, "title": "精选基金复盘", "id": "abcdefghigklmnopq"}]}[返回结果]
[通过]T[通过]
[HttpURL]http://120.132.11.35:8090/cfa/personalTailor[HttpURL]
[数据][数据]
[请求方式][请求方式]
[发送数据]{'expReturn':'8'|'investTerm':'6'}[发送数据]
[返回结果]参数错误，请检查!!![返回结果]
[通过]F[通过]
[HttpURL]http://120.132.11.35:8090/article/list/1[HttpURL]
[数据]get[数据]
[请求方式]get[请求方式]
[发送数据][发送数据]
[返回结果]参数错误，请检查!!![返回结果]
[通过]F[通过]
[HttpURL]http://120.132.11.35:8090/cfa/personalTailor[HttpURL]
[数据]post[数据]
[请求方式]post[请求方式]
[发送数据]{'expReturn':'8'|'investTerm':'6'}[发送数据]
[返回结果]{"msg": "ok", "code": 200, "data": {"fixPrompt2": "小泰通过大数据计算从6669支基金中筛选出符合您投资预期、<span style="color: #FFA20A;">亏损概率较低</span>的前5支基金。<div>这些基金盈利概率高，市场好时收益更高，市场调整时能<span style="color: #FFA20A;">最大程度的保住本金。</span></div>", "fixPrompt1": "小泰通过大数据计算从6669支基金中选出最适合半年投资，且符合您投资预期的基金共5支，其中<span style="color: #FFA20A;">泰达宏利养老混合B</span>亏损概率最低。", "flexiblePrompt2": "<span style="color: #FFA20A;">风险小，</span>门槛低，短期见收益，<span style="color: #FFA20A;">早买早收益。</span>", "funds": [{"fundId": "000508", "drawdown24m": 0.57, "drawdown6m": 0.4, "return2year": 11.14, "name": "泰达宏利养老混合B", "riskLevel": "中等风险", "type": "混合型", "return1year": 8.39, "return3month": 4.88, "return6month": 5.99, "succRate": 100.0, "hs300Yield": 7.62, "drawdown3m": 0.32, "groupId": 0, "drawdown12m": 0.57}, {"fundId": "000507", "drawdown24m": 0.64, "drawdown6m": 0.4, "return2year": 12.52, "name": "泰达宏利养老混合A", "riskLevel": "中等风险", "type": "混合型", "return1year": 8.68, "return3month": 4.96, "return6month": 6.35, "succRate": 100.0, "hs300Yield": 7.62, "drawdown3m": 0.31, "groupId": 0, "drawdown12m": 0.64}, {"fundId": "001141", "drawdown24m": 1.28, "drawdown6m": 0.72, "return2year": 11.59, "name": "泰达创盈A", "riskLevel": "中等风险", "type": "混合型", "return1year": 8.15, "return3month": 4.24, "return6month": 6.16, "succRate": 100.0, "hs300Yield": 7.62, "drawdown3m": 0.63, "groupId": 0, "drawdown12m": 1.28}, {"fundId": "001597", "drawdown24m": 1.7, "drawdown6m": 0.76, "name": "招商丰融A", "riskLevel": "中等风险", "type": "混合型", "return1year": 11.01, "return3month": 6.27, "return6month": 9.42, "succRate": 100.0, "hs300Yield": 7.62, "drawdown3m": 0.76, "groupId": 0, "drawdown12m": 1.7}, {"fundId": "001598", "drawdown24m": 1.64, "drawdown6m": 0.69, "name": "招商丰融C", "riskLevel": "中等风险", "type": "混合型", "return1year": 9.22, "return3month": 6.22, "return6month": 9.22, "succRate": 95.9, "hs300Yield": 7.62, "drawdown3m": 0.69, "groupId": 0, "drawdown12m": 1.64}], "flexiblePrompt1": "基金直接交给专业基金经理来操盘，<span style="color: #FFA20A;">稳定且更省心。</span>"}}[返回结果]
[通过]T[通过]
[HttpURL]http://120.132.11.35:8090/article/list/1[HttpURL]
[数据]get[数据]
[请求方式]get[请求方式]
[发送数据]{'num': '3'}[发送数据]
[返回结果]{"code": 200, "data": [{"status": 1, "img": "", "author": "小5", "title": "精选基金复盘", "publishTime": 1499136932000, "columnName": "", "intro": "6月传统资金紧张月，央行放了一些水缓解紧张情况，效果不错。让小泰帮您回顾下，精选基金在6月的市场中表现如何：", "source": "原创", "insertTime": 1499136973000, "id": "qqqqqqqqqqwwwwwwwwweee"}, {"status": 1, "columnName": "", "author": "小5", "publishTime": 1496888266000, "source": "原创", "intro": "5月的市场就是金牛座，涨的好的都跟钱相关：不是银行股就是保险股。让小泰帮您回顾下，精选基金在5月的市场中表现如何：", "insertTime": 1498204475000, "title": "精选基金复盘", "id": "abcdefghigklmnopq"}]}[返回结果]
[通过]T[通过]
[HttpURL]http://120.132.11.35:8090/cfa/personalTailor[HttpURL]
[数据]post[数据]
[请求方式]post[请求方式]
[发送数据]{'expReturn':'8'}[发送数据]
[返回结果]{"msg": "网络异常，请稍后再试", "code": 500}[返回结果]
[通过]F[通过]
[HttpURL]http://120.132.11.35:8090/article/list/1[HttpURL]
[数据]get[数据]
[请求方式]get[请求方式]
[发送数据]{'num': '3'}[发送数据]
[返回结果]{"code": 200, "data": [{"status": 1, "img": "", "author": "小5", "title": "精选基金复盘", "publishTime": 1499136932000, "columnName": "", "intro": "6月传统资金紧张月，央行放了一些水缓解紧张情况，效果不错。让小泰帮您回顾下，精选基金在6月的市场中表现如何：", "source": "原创", "insertTime": 1499136973000, "id": "qqqqqqqqqqwwwwwwwwweee"}, {"status": 1, "columnName": "", "author": "小5", "publishTime": 1496888266000, "source": "原创", "intro": "5月的市场就是金牛座，涨的好的都跟钱相关：不是银行股就是保险股。让小泰帮您回顾下，精选基金在5月的市场中表现如何：", "insertTime": 1498204475000, "title": "精选基金复盘", "id": "abcdefghigklmnopq"}]}[返回结果]
[通过]T[通过]
[HttpURL]http://120.132.11.35:8090/cfa/personalTailor[HttpURL]
[数据]post[数据]
[请求方式]post[请求方式]
[发送数据]{'expReturn':'8'}[发送数据]
[返回结果]{"msg": "网络异常，请稍后再试", "code": 500}[返回结果]
[通过]F[通过]
[HttpURL]http://baidu:[HttpURL]
[数据][数据]
[请求方式][请求方式]
[发送数据][发送数据]
[返回结果]参数错误，请检查!!![返回结果]
[通过]T[通过]
